<?xml version="1.0" encoding="UTF-8"?>
<testsuite xmlns:xsi="http://www.w3.org/2001/XMLSchema-instance" xsi:noNamespaceSchemaLocation="https://maven.apache.org/surefire/maven-surefire-plugin/xsd/surefire-test-report.xsd" name="top.kegurou.AppTest" time="0.707" tests="2" errors="0" skipped="0" failures="0">
  <properties>
    <property name="sun.desktop" value="windows"/>
    <property name="awt.toolkit" value="sun.awt.windows.WToolkit"/>
    <property name="file.encoding.pkg" value="sun.io"/>
    <property name="java.specification.version" value="1.8"/>
    <property name="sun.cpu.isalist" value="amd64"/>
    <property name="sun.jnu.encoding" value="GBK"/>
    <property name="java.class.path" value="d:\My file\java\miraibot\miraibot\target\test-classes;d:\My file\java\miraibot\miraibot\target\classes;C:\Users\93031\.m2\repository\junit\junit\4.11\junit-4.11.jar;C:\Users\93031\.m2\repository\org\hamcrest\hamcrest-core\1.3\hamcrest-core-1.3.jar;C:\Users\93031\.m2\repository\net\dreamlu\mica-http\2.0.3-GA\mica-http-2.0.3-GA.jar;C:\Users\93031\.m2\repository\net\dreamlu\mica-core\2.0.3-GA\mica-core-2.0.3-GA.jar;C:\Users\93031\.m2\repository\com\fasterxml\jackson\core\jackson-databind\2.11.0\jackson-databind-2.11.0.jar;C:\Users\93031\.m2\repository\com\fasterxml\jackson\core\jackson-annotations\2.11.0\jackson-annotations-2.11.0.jar;C:\Users\93031\.m2\repository\com\fasterxml\jackson\core\jackson-core\2.11.0\jackson-core-2.11.0.jar;C:\Users\93031\.m2\repository\com\squareup\okhttp3\okhttp\3.14.9\okhttp-3.14.9.jar;C:\Users\93031\.m2\repository\com\squareup\okio\okio\1.17.2\okio-1.17.2.jar;C:\Users\93031\.m2\repository\com\squareup\okhttp3\logging-interceptor\3.14.9\logging-interceptor-3.14.9.jar;C:\Users\93031\.m2\repository\net\mamoe\mirai-console\1.0-dev-2\mirai-console-1.0-dev-2.jar;C:\Users\93031\.m2\repository\net\mamoe\yamlkt\yamlkt\0.3.1\yamlkt-0.3.1.jar;C:\Users\93031\.m2\repository\org\jetbrains\kotlinx\kotlinx-serialization-runtime\0.20.0\kotlinx-serialization-runtime-0.20.0.jar;C:\Users\93031\.m2\repository\org\jetbrains\kotlinx\kotlinx-serialization-runtime-common\0.20.0\kotlinx-serialization-runtime-common-0.20.0.jar;C:\Users\93031\.m2\repository\org\jetbrains\kotlin\kotlin-stdlib-common\1.3.72\kotlin-stdlib-common-1.3.72.jar;C:\Users\93031\.m2\repository\org\jetbrains\annotations\19.0.0\annotations-19.0.0.jar;C:\Users\93031\.m2\repository\org\jetbrains\kotlinx\kotlinx-coroutines-jdk8\1.3.7\kotlinx-coroutines-jdk8-1.3.7.jar;C:\Users\93031\.m2\repository\org\jetbrains\kotlinx\kotlinx-coroutines-core\1.3.7\kotlinx-coroutines-core-1.3.7.jar;C:\Users\93031\.m2\repository\org\jetbrains\kotlin\kotlin-stdlib\1.3.72\kotlin-stdlib-1.3.72.jar;d:\My file\java\miraibot\miraibot\src\main\java\resources\mirai-core-1.1.3.jar;d:\My file\java\miraibot\miraibot\src\main\java\resources\mirai-core-qqandroid-1.1.3.jar;C:\Users\93031\.m2\repository\org\slf4j\slf4j-nop\1.7.30\slf4j-nop-1.7.30.jar;C:\Users\93031\.m2\repository\org\slf4j\slf4j-api\1.7.30\slf4j-api-1.7.30.jar;C:\Users\93031\.m2\repository\javax\annotation\javax.annotation-api\1.3.2\javax.annotation-api-1.3.2.jar;"/>
    <property name="java.vm.vendor" value="Oracle Corporation"/>
    <property name="sun.arch.data.model" value="64"/>
    <property name="user.variant" value=""/>
    <property name="java.vendor.url" value="http://java.oracle.com/"/>
    <property name="user.timezone" value="Asia/Shanghai"/>
    <property name="java.vm.specification.version" value="1.8"/>
    <property name="os.name" value="Windows 10"/>
    <property name="user.country" value="CN"/>
    <property name="sun.java.launcher" value="SUN_STANDARD"/>
    <property name="sun.boot.library.path" value="C:\Program Files\Java\jdk1.8.0_251\jre\bin"/>
    <property name="sun.java.command" value="C:\Users\93031\AppData\Local\Temp\surefire1389809638722909327\surefirebooter9161406883980207204.jar C:\Users\93031\AppData\Local\Temp\surefire1389809638722909327 2020-07-22T17-16-24_748-jvmRun1 surefire321690068873540825tmp surefire_03589738356030944183tmp"/>
    <property name="surefire.test.class.path" value="d:\My file\java\miraibot\miraibot\target\test-classes;d:\My file\java\miraibot\miraibot\target\classes;C:\Users\93031\.m2\repository\junit\junit\4.11\junit-4.11.jar;C:\Users\93031\.m2\repository\org\hamcrest\hamcrest-core\1.3\hamcrest-core-1.3.jar;C:\Users\93031\.m2\repository\net\dreamlu\mica-http\2.0.3-GA\mica-http-2.0.3-GA.jar;C:\Users\93031\.m2\repository\net\dreamlu\mica-core\2.0.3-GA\mica-core-2.0.3-GA.jar;C:\Users\93031\.m2\repository\com\fasterxml\jackson\core\jackson-databind\2.11.0\jackson-databind-2.11.0.jar;C:\Users\93031\.m2\repository\com\fasterxml\jackson\core\jackson-annotations\2.11.0\jackson-annotations-2.11.0.jar;C:\Users\93031\.m2\repository\com\fasterxml\jackson\core\jackson-core\2.11.0\jackson-core-2.11.0.jar;C:\Users\93031\.m2\repository\com\squareup\okhttp3\okhttp\3.14.9\okhttp-3.14.9.jar;C:\Users\93031\.m2\repository\com\squareup\okio\okio\1.17.2\okio-1.17.2.jar;C:\Users\93031\.m2\repository\com\squareup\okhttp3\logging-interceptor\3.14.9\logging-interceptor-3.14.9.jar;C:\Users\93031\.m2\repository\net\mamoe\mirai-console\1.0-dev-2\mirai-console-1.0-dev-2.jar;C:\Users\93031\.m2\repository\net\mamoe\yamlkt\yamlkt\0.3.1\yamlkt-0.3.1.jar;C:\Users\93031\.m2\repository\org\jetbrains\kotlinx\kotlinx-serialization-runtime\0.20.0\kotlinx-serialization-runtime-0.20.0.jar;C:\Users\93031\.m2\repository\org\jetbrains\kotlinx\kotlinx-serialization-runtime-common\0.20.0\kotlinx-serialization-runtime-common-0.20.0.jar;C:\Users\93031\.m2\repository\org\jetbrains\kotlin\kotlin-stdlib-common\1.3.72\kotlin-stdlib-common-1.3.72.jar;C:\Users\93031\.m2\repository\org\jetbrains\annotations\19.0.0\annotations-19.0.0.jar;C:\Users\93031\.m2\repository\org\jetbrains\kotlinx\kotlinx-coroutines-jdk8\1.3.7\kotlinx-coroutines-jdk8-1.3.7.jar;C:\Users\93031\.m2\repository\org\jetbrains\kotlinx\kotlinx-coroutines-core\1.3.7\kotlinx-coroutines-core-1.3.7.jar;C:\Users\93031\.m2\repository\org\jetbrains\kotlin\kotlin-stdlib\1.3.72\kotlin-stdlib-1.3.72.jar;d:\My file\java\miraibot\miraibot\src\main\java\resources\mirai-core-1.1.3.jar;d:\My file\java\miraibot\miraibot\src\main\java\resources\mirai-core-qqandroid-1.1.3.jar;C:\Users\93031\.m2\repository\org\slf4j\slf4j-nop\1.7.30\slf4j-nop-1.7.30.jar;C:\Users\93031\.m2\repository\org\slf4j\slf4j-api\1.7.30\slf4j-api-1.7.30.jar;C:\Users\93031\.m2\repository\javax\annotation\javax.annotation-api\1.3.2\javax.annotation-api-1.3.2.jar;"/>
    <property name="sun.cpu.endian" value="little"/>
    <property name="user.home" value="C:\Users\93031"/>
    <property name="user.language" value="zh"/>
    <property name="java.specification.vendor" value="Oracle Corporation"/>
    <property name="java.home" value="C:\Program Files\Java\jdk1.8.0_251\jre"/>
    <property name="basedir" value="d:\My file\java\miraibot\miraibot"/>
    <property name="file.separator" value="\"/>
    <property name="line.separator" value="&#10;"/>
    <property name="java.vm.specification.vendor" value="Oracle Corporation"/>
    <property name="java.specification.name" value="Java Platform API Specification"/>
    <property name="java.awt.graphicsenv" value="sun.awt.Win32GraphicsEnvironment"/>
    <property name="surefire.real.class.path" value="C:\Users\93031\AppData\Local\Temp\surefire1389809638722909327\surefirebooter9161406883980207204.jar"/>
    <property name="sun.boot.class.path" value="C:\Program Files\Java\jdk1.8.0_251\jre\lib\resources.jar;C:\Program Files\Java\jdk1.8.0_251\jre\lib\rt.jar;C:\Program Files\Java\jdk1.8.0_251\jre\lib\sunrsasign.jar;C:\Program Files\Java\jdk1.8.0_251\jre\lib\jsse.jar;C:\Program Files\Java\jdk1.8.0_251\jre\lib\jce.jar;C:\Program Files\Java\jdk1.8.0_251\jre\lib\charsets.jar;C:\Program Files\Java\jdk1.8.0_251\jre\lib\jfr.jar;C:\Program Files\Java\jdk1.8.0_251\jre\classes"/>
    <property name="user.script" value=""/>
    <property name="sun.management.compiler" value="HotSpot 64-Bit Tiered Compilers"/>
    <property name="java.runtime.version" value="1.8.0_251-b08"/>
    <property name="user.name" value="93031"/>
    <property name="path.separator" value=";"/>
    <property name="os.version" value="10.0"/>
    <property name="java.endorsed.dirs" value="C:\Program Files\Java\jdk1.8.0_251\jre\lib\endorsed"/>
    <property name="java.runtime.name" value="Java(TM) SE Runtime Environment"/>
    <property name="file.encoding" value="GBK"/>
    <property name="java.vm.name" value="Java HotSpot(TM) 64-Bit Server VM"/>
    <property name="localRepository" value="C:\Users\93031\.m2\repository"/>
    <property name="java.vendor.url.bug" value="http://bugreport.sun.com/bugreport/"/>
    <property name="java.io.tmpdir" value="C:\Users\93031\AppData\Local\Temp\"/>
    <property name="java.version" value="1.8.0_251"/>
    <property name="user.dir" value="d:\My file\java\miraibot\miraibot"/>
    <property name="os.arch" value="amd64"/>
    <property name="java.vm.specification.name" value="Java Virtual Machine Specification"/>
    <property name="java.awt.printerjob" value="sun.awt.windows.WPrinterJob"/>
    <property name="sun.os.patch.level" value=""/>
    <property name="java.library.path" value="C:\Program Files\Java\jdk1.8.0_251\jre\bin;C:\Windows\Sun\Java\bin;C:\Windows\system32;C:\Windows;C:\Program Files\PowerShell\7;C:\Program Files (x86)\Intel\iCLS Client\;C:\Program Files\Intel\iCLS Client\;C:\Windows\system32;C:\Windows;C:\Windows\System32\Wbem;C:\Windows\System32\WindowsPowerShell\v1.0\;C:\Program Files (x86)\Intel\Intel(R) Management Engine Components\DAL;C:\Program Files\Intel\Intel(R) Management Engine Components\DAL;C:\Program Files (x86)\Intel\Intel(R) Management Engine Components\IPT;C:\Program Files\Intel\Intel(R) Management Engine Components\IPT;C:\Windows\System32\OpenSSH\;D:\Program Files\PuTTY\;C:\Program Files\Java\jdk1.8.0_251\bin;C:\Program Files\PowerShell\7\;C:\Program Files\Git\cmd;D:\Program Files\nodejs\;C:\Users\93031\AppData\Local\Microsoft\WindowsApps;D:\Program Files\Microsoft VS Code\bin;D:\My soft\apache-maven-3.6.3\bin;D:\My soft\bin;C:\Users\93031\AppData\Local\GitHubDesktop\bin;C:\Users\93031\AppData\Roaming\npm;."/>
    <property name="java.vm.info" value="mixed mode"/>
    <property name="java.vendor" value="Oracle Corporation"/>
    <property name="java.vm.version" value="25.251-b08"/>
    <property name="java.ext.dirs" value="C:\Program Files\Java\jdk1.8.0_251\jre\lib\ext;C:\Windows\Sun\Java\lib\ext"/>
    <property name="sun.io.unicode.encoding" value="UnicodeLittle"/>
    <property name="java.class.version" value="52.0"/>
  </properties>
  <testcase name="shouldAnswerWithTrue" classname="top.kegurou.AppTest" time="0.01"/>
  <testcase name="testslf4j" classname="top.kegurou.AppTest" time="0.008"/>
</testsuite>